[INFO ] 2018-02-08 06:36:21.827 [localhost-startStop-1] ContextLoader - Root WebApplicationContext: initialization completed in 7478 ms
[INFO ] 2018-02-08 06:36:30.378 [main] RequestMappingHandlerAdapter - Looking for @ControllerAdvice: org.springframework.boot.context.embedded.AnnotationConfigEmbeddedWebApplicationContext@2584b82d: startup date [Thu Feb 08 06:36:14 MSK 2018]; root of context hierarchy
[INFO ] 2018-02-08 06:36:30.664 [main] RequestMappingHandlerMapping - Mapped "{[/api/getEdges/byduration],methods=[GET]}" onto public java.util.List<com.netcracker.travelplanner.entities.Edge> com.netcracker.travelplanner.controllers.EdgeApiController.getEdgesByDuration(java.lang.Double)
[INFO ] 2018-02-08 06:36:30.666 [main] RequestMappingHandlerMapping - Mapped "{[/api/getEdges/bydistance],methods=[GET]}" onto public java.util.List<com.netcracker.travelplanner.entities.Edge> com.netcracker.travelplanner.controllers.EdgeApiController.getEdgesByDistance(java.lang.Double)
[INFO ] 2018-02-08 06:36:30.667 [main] RequestMappingHandlerMapping - Mapped "{[/api/getEdges/bytransporttype],methods=[GET]}" onto public java.util.List<com.netcracker.travelplanner.entities.Edge> com.netcracker.travelplanner.controllers.EdgeApiController.getEdgesByTransportType(java.lang.String)
[INFO ] 2018-02-08 06:36:30.668 [main] RequestMappingHandlerMapping - Mapped "{[/api/getEdges/byedgetype],methods=[GET]}" onto public java.util.List<com.netcracker.travelplanner.entities.Edge> com.netcracker.travelplanner.controllers.EdgeApiController.getEdgesByEdgeType(java.lang.Integer)
[INFO ] 2018-02-08 06:36:30.669 [main] RequestMappingHandlerMapping - Mapped "{[/api/getEdges/bytwopoints],methods=[GET]}" onto public java.util.List<com.netcracker.travelplanner.entities.Edge> com.netcracker.travelplanner.controllers.EdgeApiController.getEdgesByTwoPoints(java.lang.String,java.lang.String)
[INFO ] 2018-02-08 06:36:30.670 [main] RequestMappingHandlerMapping - Mapped "{[/api/getEdges/bycost],methods=[GET]}" onto public java.util.List<com.netcracker.travelplanner.entities.Edge> com.netcracker.travelplanner.controllers.EdgeApiController.getEdgesByCost(java.lang.Double)
[INFO ] 2018-02-08 06:36:30.671 [main] RequestMappingHandlerMapping - Mapped "{[/api/getEdges],methods=[GET]}" onto public java.util.List<com.netcracker.travelplanner.entities.Edge> com.netcracker.travelplanner.controllers.EdgeApiController.getEdges()
[INFO ] 2018-02-08 06:36:30.671 [main] RequestMappingHandlerMapping - Mapped "{[/api/getEdges/bypoint],methods=[GET]}" onto public java.util.List<com.netcracker.travelplanner.entities.Edge> com.netcracker.travelplanner.controllers.EdgeApiController.getEdgesByPoint(java.lang.String,java.lang.String)
[INFO ] 2018-02-08 06:36:30.678 [main] RequestMappingHandlerMapping - Mapped "{[/],methods=[GET]}" onto public java.lang.String com.netcracker.travelplanner.controllers.MainWebController.home()
[INFO ] 2018-02-08 06:36:30.680 [main] RequestMappingHandlerMapping - Mapped "{[/signUp],methods=[GET]}" onto public java.lang.String com.netcracker.travelplanner.controllers.MainWebController.signUp()
[INFO ] 2018-02-08 06:36:30.680 [main] RequestMappingHandlerMapping - Mapped "{[/signIn],methods=[GET]}" onto public java.lang.String com.netcracker.travelplanner.controllers.MainWebController.signIn()
[INFO ] 2018-02-08 06:36:30.684 [main] RequestMappingHandlerMapping - Mapped "{[/api/getRoutes],methods=[GET]}" onto public java.util.List<com.netcracker.travelplanner.entities.Route> com.netcracker.travelplanner.controllers.RouteApiController.getRoutes()
[INFO ] 2018-02-08 06:36:30.686 [main] RequestMappingHandlerMapping - Mapped "{[/api/getRoutes/bytwopoints],methods=[GET]}" onto public java.util.List<com.netcracker.travelplanner.entities.Route> com.netcracker.travelplanner.controllers.RouteApiController.getRoutesByTwoPoints(java.lang.String,java.lang.String)
[INFO ] 2018-02-08 06:36:30.688 [main] RequestMappingHandlerMapping - Mapped "{[/api/getRoutes/bypoint],methods=[GET]}" onto public java.util.List<com.netcracker.travelplanner.entities.Route> com.netcracker.travelplanner.controllers.RouteApiController.getRoutesByPoint(java.lang.String,java.lang.String)
[INFO ] 2018-02-08 06:36:30.690 [main] RequestMappingHandlerMapping - Mapped "{[/api/getRoutes/byuser],methods=[GET]}" onto public java.util.List<com.netcracker.travelplanner.entities.Route> com.netcracker.travelplanner.controllers.RouteApiController.getRoutesByUser(java.lang.Integer)
[INFO ] 2018-02-08 06:36:30.690 [main] RequestMappingHandlerMapping - Mapped "{[/api/getRoutes/bytype],methods=[GET]}" onto public java.util.List<com.netcracker.travelplanner.entities.Route> com.netcracker.travelplanner.controllers.RouteApiController.getRoutesByType(java.lang.Integer)
[INFO ] 2018-02-08 06:36:30.691 [main] RequestMappingHandlerMapping - Mapped "{[/api/getRoutes/byid],methods=[GET]}" onto public com.netcracker.travelplanner.entities.Route com.netcracker.travelplanner.controllers.RouteApiController.getRouteById(java.lang.Integer)
[INFO ] 2018-02-08 06:36:30.695 [main] RequestMappingHandlerMapping - Mapped "{[/api/getUsers/byname],methods=[GET]}" onto public java.util.List<com.netcracker.travelplanner.entities.User> com.netcracker.travelplanner.controllers.UserApiController.getUsersByLastNameIs(java.lang.String,java.lang.String)
[INFO ] 2018-02-08 06:36:30.697 [main] RequestMappingHandlerMapping - Mapped "{[/api/getUsers],methods=[GET]}" onto public java.util.List<com.netcracker.travelplanner.entities.User> com.netcracker.travelplanner.controllers.UserApiController.getUsers()
[INFO ] 2018-02-08 06:36:30.700 [main] RequestMappingHandlerMapping - Mapped "{[/api/getUsers/byid],methods=[GET]}" onto public com.netcracker.travelplanner.entities.User com.netcracker.travelplanner.controllers.UserApiController.getUserById(java.lang.Integer)
[INFO ] 2018-02-08 06:36:30.708 [main] RequestMappingHandlerMapping - Mapped "{[/error]}" onto public org.springframework.http.ResponseEntity<java.util.Map<java.lang.String, java.lang.Object>> org.springframework.boot.autoconfigure.web.BasicErrorController.error(javax.servlet.http.HttpServletRequest)
[INFO ] 2018-02-08 06:36:30.711 [main] RequestMappingHandlerMapping - Mapped "{[/error],produces=[text/html]}" onto public org.springframework.web.servlet.ModelAndView org.springframework.boot.autoconfigure.web.BasicErrorController.errorHtml(javax.servlet.http.HttpServletRequest,javax.servlet.http.HttpServletResponse)
[INFO ] 2018-02-08 06:36:30.849 [main] SimpleUrlHandlerMapping - Mapped URL path [/webjars/**] onto handler of type [class org.springframework.web.servlet.resource.ResourceHttpRequestHandler]
[INFO ] 2018-02-08 06:36:30.850 [main] SimpleUrlHandlerMapping - Mapped URL path [/**] onto handler of type [class org.springframework.web.servlet.resource.ResourceHttpRequestHandler]
[INFO ] 2018-02-08 06:36:31.141 [main] SimpleUrlHandlerMapping - Mapped URL path [/**/favicon.ico] onto handler of type [class org.springframework.web.servlet.resource.ResourceHttpRequestHandler]
[INFO ] 2018-02-09 08:14:22.066 [localhost-startStop-1] ContextLoader - Root WebApplicationContext: initialization completed in 6172 ms
[INFO ] 2018-02-09 08:14:29.394 [main] RequestMappingHandlerAdapter - Looking for @ControllerAdvice: org.springframework.boot.context.embedded.AnnotationConfigEmbeddedWebApplicationContext@2584b82d: startup date [Fri Feb 09 08:14:15 MSK 2018]; root of context hierarchy
[INFO ] 2018-02-09 08:14:29.581 [main] RequestMappingHandlerMapping - Mapped "{[/api/getEdges/bycost],methods=[GET]}" onto public java.util.List<com.netcracker.travelplanner.entities.Edge> com.netcracker.travelplanner.controllers.EdgeApiController.getEdgesByCost(java.lang.Double)
[INFO ] 2018-02-09 08:14:29.581 [main] RequestMappingHandlerMapping - Mapped "{[/api/getEdges/bypoint],methods=[GET]}" onto public java.util.List<com.netcracker.travelplanner.entities.Edge> com.netcracker.travelplanner.controllers.EdgeApiController.getEdgesByPoint(java.lang.String,java.lang.String)
[INFO ] 2018-02-09 08:14:29.581 [main] RequestMappingHandlerMapping - Mapped "{[/api/getEdges],methods=[GET]}" onto public java.util.List<com.netcracker.travelplanner.entities.Edge> com.netcracker.travelplanner.controllers.EdgeApiController.getEdges()
[INFO ] 2018-02-09 08:14:29.581 [main] RequestMappingHandlerMapping - Mapped "{[/api/getEdges/bytransporttype],methods=[GET]}" onto public java.util.List<com.netcracker.travelplanner.entities.Edge> com.netcracker.travelplanner.controllers.EdgeApiController.getEdgesByTransportType(java.lang.String)
[INFO ] 2018-02-09 08:14:29.581 [main] RequestMappingHandlerMapping - Mapped "{[/api/getEdges/bytwopoints],methods=[GET]}" onto public java.util.List<com.netcracker.travelplanner.entities.Edge> com.netcracker.travelplanner.controllers.EdgeApiController.getEdgesByTwoPoints(java.lang.String,java.lang.String)
[INFO ] 2018-02-09 08:14:29.581 [main] RequestMappingHandlerMapping - Mapped "{[/api/getEdges/byedgetype],methods=[GET]}" onto public java.util.List<com.netcracker.travelplanner.entities.Edge> com.netcracker.travelplanner.controllers.EdgeApiController.getEdgesByEdgeType(java.lang.Integer)
[INFO ] 2018-02-09 08:14:29.581 [main] RequestMappingHandlerMapping - Mapped "{[/api/getEdges/byduration],methods=[GET]}" onto public java.util.List<com.netcracker.travelplanner.entities.Edge> com.netcracker.travelplanner.controllers.EdgeApiController.getEdgesByDuration(java.lang.Double)
[INFO ] 2018-02-09 08:14:29.581 [main] RequestMappingHandlerMapping - Mapped "{[/api/getEdges/bydistance],methods=[GET]}" onto public java.util.List<com.netcracker.travelplanner.entities.Edge> com.netcracker.travelplanner.controllers.EdgeApiController.getEdgesByDistance(java.lang.Double)
[INFO ] 2018-02-09 08:14:29.581 [main] RequestMappingHandlerMapping - Mapped "{[/],methods=[GET]}" onto public java.lang.String com.netcracker.travelplanner.controllers.MainWebController.home()
[INFO ] 2018-02-09 08:14:29.581 [main] RequestMappingHandlerMapping - Mapped "{[/signIn],methods=[GET]}" onto public java.lang.String com.netcracker.travelplanner.controllers.MainWebController.signIn()
[INFO ] 2018-02-09 08:14:29.581 [main] RequestMappingHandlerMapping - Mapped "{[/signUp],methods=[GET]}" onto public java.lang.String com.netcracker.travelplanner.controllers.MainWebController.signUp()
[INFO ] 2018-02-09 08:14:29.597 [main] RequestMappingHandlerMapping - Mapped "{[/api/getRoutes/bypoint],methods=[GET]}" onto public java.util.List<com.netcracker.travelplanner.entities.Route> com.netcracker.travelplanner.controllers.RouteApiController.getRoutesByPoint(java.lang.String,java.lang.String)
[INFO ] 2018-02-09 08:14:29.597 [main] RequestMappingHandlerMapping - Mapped "{[/api/getRoutes/byid],methods=[GET]}" onto public com.netcracker.travelplanner.entities.Route com.netcracker.travelplanner.controllers.RouteApiController.getRouteById(java.lang.Integer)
[INFO ] 2018-02-09 08:14:29.597 [main] RequestMappingHandlerMapping - Mapped "{[/api/getRoutes/bytype],methods=[GET]}" onto public java.util.List<com.netcracker.travelplanner.entities.Route> com.netcracker.travelplanner.controllers.RouteApiController.getRoutesByType(java.lang.Integer)
[INFO ] 2018-02-09 08:14:29.597 [main] RequestMappingHandlerMapping - Mapped "{[/api/getRoutes/byuser],methods=[GET]}" onto public java.util.List<com.netcracker.travelplanner.entities.Route> com.netcracker.travelplanner.controllers.RouteApiController.getRoutesByUser(java.lang.Integer)
[INFO ] 2018-02-09 08:14:29.597 [main] RequestMappingHandlerMapping - Mapped "{[/api/getRoutes],methods=[GET]}" onto public java.util.List<com.netcracker.travelplanner.entities.Route> com.netcracker.travelplanner.controllers.RouteApiController.getRoutes()
[INFO ] 2018-02-09 08:14:29.597 [main] RequestMappingHandlerMapping - Mapped "{[/api/getRoutes/bytwopoints],methods=[GET]}" onto public java.util.List<com.netcracker.travelplanner.entities.Route> com.netcracker.travelplanner.controllers.RouteApiController.getRoutesByTwoPoints(java.lang.String,java.lang.String)
[INFO ] 2018-02-09 08:14:29.597 [main] RequestMappingHandlerMapping - Mapped "{[/api/getUsers],methods=[GET]}" onto public java.util.List<com.netcracker.travelplanner.entities.User> com.netcracker.travelplanner.controllers.UserApiController.getUsers()
[INFO ] 2018-02-09 08:14:29.597 [main] RequestMappingHandlerMapping - Mapped "{[/api/getUsers/byid],methods=[GET]}" onto public com.netcracker.travelplanner.entities.User com.netcracker.travelplanner.controllers.UserApiController.getUserById(java.lang.Integer)
[INFO ] 2018-02-09 08:14:29.597 [main] RequestMappingHandlerMapping - Mapped "{[/api/getUsers/byname],methods=[GET]}" onto public java.util.List<com.netcracker.travelplanner.entities.User> com.netcracker.travelplanner.controllers.UserApiController.getUsersByLastNameIs(java.lang.String,java.lang.String)
[INFO ] 2018-02-09 08:14:29.597 [main] RequestMappingHandlerMapping - Mapped "{[/error]}" onto public org.springframework.http.ResponseEntity<java.util.Map<java.lang.String, java.lang.Object>> org.springframework.boot.autoconfigure.web.BasicErrorController.error(javax.servlet.http.HttpServletRequest)
[INFO ] 2018-02-09 08:14:29.613 [main] RequestMappingHandlerMapping - Mapped "{[/error],produces=[text/html]}" onto public org.springframework.web.servlet.ModelAndView org.springframework.boot.autoconfigure.web.BasicErrorController.errorHtml(javax.servlet.http.HttpServletRequest,javax.servlet.http.HttpServletResponse)
[INFO ] 2018-02-09 08:14:29.816 [main] SimpleUrlHandlerMapping - Mapped URL path [/webjars/**] onto handler of type [class org.springframework.web.servlet.resource.ResourceHttpRequestHandler]
[INFO ] 2018-02-09 08:14:29.816 [main] SimpleUrlHandlerMapping - Mapped URL path [/**] onto handler of type [class org.springframework.web.servlet.resource.ResourceHttpRequestHandler]
[INFO ] 2018-02-09 08:14:29.941 [main] SimpleUrlHandlerMapping - Mapped URL path [/**/favicon.ico] onto handler of type [class org.springframework.web.servlet.resource.ResourceHttpRequestHandler]
[INFO ] 2018-02-09 08:21:03.572 [localhost-startStop-1] ContextLoader - Root WebApplicationContext: initialization completed in 4609 ms
[INFO ] 2018-02-09 08:21:09.312 [main] RequestMappingHandlerAdapter - Looking for @ControllerAdvice: org.springframework.boot.context.embedded.AnnotationConfigEmbeddedWebApplicationContext@2584b82d: startup date [Fri Feb 09 08:20:58 MSK 2018]; root of context hierarchy
[INFO ] 2018-02-09 08:21:09.516 [main] RequestMappingHandlerMapping - Mapped "{[/api/getEdges/bydistance],methods=[GET]}" onto public java.util.List<com.netcracker.travelplanner.entities.Edge> com.netcracker.travelplanner.controllers.EdgeApiController.getEdgesByDistance(java.lang.Double)
[INFO ] 2018-02-09 08:21:09.516 [main] RequestMappingHandlerMapping - Mapped "{[/api/getEdges/byedgetype],methods=[GET]}" onto public java.util.List<com.netcracker.travelplanner.entities.Edge> com.netcracker.travelplanner.controllers.EdgeApiController.getEdgesByEdgeType(java.lang.Integer)
[INFO ] 2018-02-09 08:21:09.516 [main] RequestMappingHandlerMapping - Mapped "{[/api/getEdges/bytwopoints],methods=[GET]}" onto public java.util.List<com.netcracker.travelplanner.entities.Edge> com.netcracker.travelplanner.controllers.EdgeApiController.getEdgesByTwoPoints(java.lang.String,java.lang.String)
[INFO ] 2018-02-09 08:21:09.516 [main] RequestMappingHandlerMapping - Mapped "{[/api/getEdges/bytransporttype],methods=[GET]}" onto public java.util.List<com.netcracker.travelplanner.entities.Edge> com.netcracker.travelplanner.controllers.EdgeApiController.getEdgesByTransportType(java.lang.String)
[INFO ] 2018-02-09 08:21:09.516 [main] RequestMappingHandlerMapping - Mapped "{[/api/getEdges/byduration],methods=[GET]}" onto public java.util.List<com.netcracker.travelplanner.entities.Edge> com.netcracker.travelplanner.controllers.EdgeApiController.getEdgesByDuration(java.lang.Double)
[INFO ] 2018-02-09 08:21:09.516 [main] RequestMappingHandlerMapping - Mapped "{[/api/getEdges/bypoint],methods=[GET]}" onto public java.util.List<com.netcracker.travelplanner.entities.Edge> com.netcracker.travelplanner.controllers.EdgeApiController.getEdgesByPoint(java.lang.String,java.lang.String)
[INFO ] 2018-02-09 08:21:09.516 [main] RequestMappingHandlerMapping - Mapped "{[/api/getEdges],methods=[GET]}" onto public java.util.List<com.netcracker.travelplanner.entities.Edge> com.netcracker.travelplanner.controllers.EdgeApiController.getEdges()
[INFO ] 2018-02-09 08:21:09.516 [main] RequestMappingHandlerMapping - Mapped "{[/api/getEdges/bycost],methods=[GET]}" onto public java.util.List<com.netcracker.travelplanner.entities.Edge> com.netcracker.travelplanner.controllers.EdgeApiController.getEdgesByCost(java.lang.Double)
[INFO ] 2018-02-09 08:21:09.516 [main] RequestMappingHandlerMapping - Mapped "{[/],methods=[GET]}" onto public java.lang.String com.netcracker.travelplanner.controllers.MainWebController.home()
[INFO ] 2018-02-09 08:21:09.516 [main] RequestMappingHandlerMapping - Mapped "{[/signUp],methods=[GET]}" onto public java.lang.String com.netcracker.travelplanner.controllers.MainWebController.signUp()
[INFO ] 2018-02-09 08:21:09.547 [main] RequestMappingHandlerMapping - Mapped "{[/signIn],methods=[GET]}" onto public java.lang.String com.netcracker.travelplanner.controllers.MainWebController.signIn()
[INFO ] 2018-02-09 08:21:09.547 [main] RequestMappingHandlerMapping - Mapped "{[/api/getRoutes],methods=[GET]}" onto public java.util.List<com.netcracker.travelplanner.entities.Route> com.netcracker.travelplanner.controllers.RouteApiController.getRoutes()
[INFO ] 2018-02-09 08:21:09.547 [main] RequestMappingHandlerMapping - Mapped "{[/api/getRoutes/bytwopoints],methods=[GET]}" onto public java.util.List<com.netcracker.travelplanner.entities.Route> com.netcracker.travelplanner.controllers.RouteApiController.getRoutesByTwoPoints(java.lang.String,java.lang.String)
[INFO ] 2018-02-09 08:21:09.562 [main] RequestMappingHandlerMapping - Mapped "{[/api/getRoutes/bypoint],methods=[GET]}" onto public java.util.List<com.netcracker.travelplanner.entities.Route> com.netcracker.travelplanner.controllers.RouteApiController.getRoutesByPoint(java.lang.String,java.lang.String)
[INFO ] 2018-02-09 08:21:09.562 [main] RequestMappingHandlerMapping - Mapped "{[/api/getRoutes/byid],methods=[GET]}" onto public com.netcracker.travelplanner.entities.Route com.netcracker.travelplanner.controllers.RouteApiController.getRouteById(java.lang.Integer)
[INFO ] 2018-02-09 08:21:09.562 [main] RequestMappingHandlerMapping - Mapped "{[/api/getRoutes/byuser],methods=[GET]}" onto public java.util.List<com.netcracker.travelplanner.entities.Route> com.netcracker.travelplanner.controllers.RouteApiController.getRoutesByUser(java.lang.Integer)
[INFO ] 2018-02-09 08:21:09.562 [main] RequestMappingHandlerMapping - Mapped "{[/api/getRoutes/bytype],methods=[GET]}" onto public java.util.List<com.netcracker.travelplanner.entities.Route> com.netcracker.travelplanner.controllers.RouteApiController.getRoutesByType(java.lang.Integer)
[INFO ] 2018-02-09 08:21:09.562 [main] RequestMappingHandlerMapping - Mapped "{[/api/getUsers/byname],methods=[GET]}" onto public java.util.List<com.netcracker.travelplanner.entities.User> com.netcracker.travelplanner.controllers.UserApiController.getUsersByLastNameIs(java.lang.String,java.lang.String)
[INFO ] 2018-02-09 08:21:09.562 [main] RequestMappingHandlerMapping - Mapped "{[/api/getUsers],methods=[GET]}" onto public java.util.List<com.netcracker.travelplanner.entities.User> com.netcracker.travelplanner.controllers.UserApiController.getUsers()
[INFO ] 2018-02-09 08:21:09.562 [main] RequestMappingHandlerMapping - Mapped "{[/api/getUsers/byid],methods=[GET]}" onto public com.netcracker.travelplanner.entities.User com.netcracker.travelplanner.controllers.UserApiController.getUserById(java.lang.Integer)
[INFO ] 2018-02-09 08:21:09.578 [main] RequestMappingHandlerMapping - Mapped "{[/error]}" onto public org.springframework.http.ResponseEntity<java.util.Map<java.lang.String, java.lang.Object>> org.springframework.boot.autoconfigure.web.BasicErrorController.error(javax.servlet.http.HttpServletRequest)
[INFO ] 2018-02-09 08:21:09.578 [main] RequestMappingHandlerMapping - Mapped "{[/error],produces=[text/html]}" onto public org.springframework.web.servlet.ModelAndView org.springframework.boot.autoconfigure.web.BasicErrorController.errorHtml(javax.servlet.http.HttpServletRequest,javax.servlet.http.HttpServletResponse)
[INFO ] 2018-02-09 08:21:09.672 [main] SimpleUrlHandlerMapping - Mapped URL path [/webjars/**] onto handler of type [class org.springframework.web.servlet.resource.ResourceHttpRequestHandler]
[INFO ] 2018-02-09 08:21:09.672 [main] SimpleUrlHandlerMapping - Mapped URL path [/**] onto handler of type [class org.springframework.web.servlet.resource.ResourceHttpRequestHandler]
[INFO ] 2018-02-09 08:21:09.781 [main] SimpleUrlHandlerMapping - Mapped URL path [/**/favicon.ico] onto handler of type [class org.springframework.web.servlet.resource.ResourceHttpRequestHandler]
[INFO ] 2018-02-09 08:46:25.000 [localhost-startStop-1] ContextLoader - Root WebApplicationContext: initialization completed in 4685 ms
[INFO ] 2018-02-09 08:46:30.588 [main] RequestMappingHandlerAdapter - Looking for @ControllerAdvice: org.springframework.boot.context.embedded.AnnotationConfigEmbeddedWebApplicationContext@2584b82d: startup date [Fri Feb 09 08:46:20 MSK 2018]; root of context hierarchy
[INFO ] 2018-02-09 08:46:30.807 [main] RequestMappingHandlerMapping - Mapped "{[/api/getEdges/bytwopoints],methods=[GET]}" onto public java.util.List<com.netcracker.travelplanner.entities.Edge> com.netcracker.travelplanner.controllers.EdgeApiController.getEdgesByTwoPoints(java.lang.String,java.lang.String)
[INFO ] 2018-02-09 08:46:30.807 [main] RequestMappingHandlerMapping - Mapped "{[/api/getEdges/bytransporttype],methods=[GET]}" onto public java.util.List<com.netcracker.travelplanner.entities.Edge> com.netcracker.travelplanner.controllers.EdgeApiController.getEdgesByTransportType(java.lang.String)
[INFO ] 2018-02-09 08:46:30.807 [main] RequestMappingHandlerMapping - Mapped "{[/api/getEdges/byduration],methods=[GET]}" onto public java.util.List<com.netcracker.travelplanner.entities.Edge> com.netcracker.travelplanner.controllers.EdgeApiController.getEdgesByDuration(java.lang.Double)
[INFO ] 2018-02-09 08:46:30.807 [main] RequestMappingHandlerMapping - Mapped "{[/api/getEdges/bydistance],methods=[GET]}" onto public java.util.List<com.netcracker.travelplanner.entities.Edge> com.netcracker.travelplanner.controllers.EdgeApiController.getEdgesByDistance(java.lang.Double)
[INFO ] 2018-02-09 08:46:30.807 [main] RequestMappingHandlerMapping - Mapped "{[/api/getEdges/byedgetype],methods=[GET]}" onto public java.util.List<com.netcracker.travelplanner.entities.Edge> com.netcracker.travelplanner.controllers.EdgeApiController.getEdgesByEdgeType(java.lang.Integer)
[INFO ] 2018-02-09 08:46:30.807 [main] RequestMappingHandlerMapping - Mapped "{[/api/getEdges/bycost],methods=[GET]}" onto public java.util.List<com.netcracker.travelplanner.entities.Edge> com.netcracker.travelplanner.controllers.EdgeApiController.getEdgesByCost(java.lang.Double)
[INFO ] 2018-02-09 08:46:30.807 [main] RequestMappingHandlerMapping - Mapped "{[/api/getEdges/bypoint],methods=[GET]}" onto public java.util.List<com.netcracker.travelplanner.entities.Edge> com.netcracker.travelplanner.controllers.EdgeApiController.getEdgesByPoint(java.lang.String,java.lang.String)
[INFO ] 2018-02-09 08:46:30.807 [main] RequestMappingHandlerMapping - Mapped "{[/api/getEdges],methods=[GET]}" onto public java.util.List<com.netcracker.travelplanner.entities.Edge> com.netcracker.travelplanner.controllers.EdgeApiController.getEdges()
[INFO ] 2018-02-09 08:46:30.822 [main] RequestMappingHandlerMapping - Mapped "{[/],methods=[GET]}" onto public java.lang.String com.netcracker.travelplanner.controllers.MainWebController.home()
[INFO ] 2018-02-09 08:46:30.822 [main] RequestMappingHandlerMapping - Mapped "{[/signIn],methods=[GET]}" onto public java.lang.String com.netcracker.travelplanner.controllers.MainWebController.signIn()
[INFO ] 2018-02-09 08:46:30.822 [main] RequestMappingHandlerMapping - Mapped "{[/signUp],methods=[GET]}" onto public java.lang.String com.netcracker.travelplanner.controllers.MainWebController.signUp()
[INFO ] 2018-02-09 08:46:30.822 [main] RequestMappingHandlerMapping - Mapped "{[/api/getRoutes],methods=[GET]}" onto public java.util.List<com.netcracker.travelplanner.entities.Route> com.netcracker.travelplanner.controllers.RouteApiController.getRoutes()
[INFO ] 2018-02-09 08:46:30.822 [main] RequestMappingHandlerMapping - Mapped "{[/api/getRoutes/bytwopoints],methods=[GET]}" onto public java.util.List<com.netcracker.travelplanner.entities.Route> com.netcracker.travelplanner.controllers.RouteApiController.getRoutesByTwoPoints(java.lang.String,java.lang.String)
[INFO ] 2018-02-09 08:46:30.822 [main] RequestMappingHandlerMapping - Mapped "{[/api/getRoutes/byid],methods=[GET]}" onto public com.netcracker.travelplanner.entities.Route com.netcracker.travelplanner.controllers.RouteApiController.getRouteById(java.lang.Integer)
[INFO ] 2018-02-09 08:46:30.822 [main] RequestMappingHandlerMapping - Mapped "{[/api/getRoutes/bytype],methods=[GET]}" onto public java.util.List<com.netcracker.travelplanner.entities.Route> com.netcracker.travelplanner.controllers.RouteApiController.getRoutesByType(java.lang.Integer)
[INFO ] 2018-02-09 08:46:30.822 [main] RequestMappingHandlerMapping - Mapped "{[/api/getRoutes/bypoint],methods=[GET]}" onto public java.util.List<com.netcracker.travelplanner.entities.Route> com.netcracker.travelplanner.controllers.RouteApiController.getRoutesByPoint(java.lang.String,java.lang.String)
[INFO ] 2018-02-09 08:46:30.822 [main] RequestMappingHandlerMapping - Mapped "{[/api/getRoutes/byuser],methods=[GET]}" onto public java.util.List<com.netcracker.travelplanner.entities.Route> com.netcracker.travelplanner.controllers.RouteApiController.getRoutesByUser(java.lang.Integer)
[INFO ] 2018-02-09 08:46:30.822 [main] RequestMappingHandlerMapping - Mapped "{[/api/getUsers/byname],methods=[GET]}" onto public java.util.List<com.netcracker.travelplanner.entities.User> com.netcracker.travelplanner.controllers.UserApiController.getUsersByLastNameIs(java.lang.String,java.lang.String)
[INFO ] 2018-02-09 08:46:30.822 [main] RequestMappingHandlerMapping - Mapped "{[/api/getUsers/byid],methods=[GET]}" onto public com.netcracker.travelplanner.entities.User com.netcracker.travelplanner.controllers.UserApiController.getUserById(java.lang.Integer)
[INFO ] 2018-02-09 08:46:30.822 [main] RequestMappingHandlerMapping - Mapped "{[/api/getUsers],methods=[GET]}" onto public java.util.List<com.netcracker.travelplanner.entities.User> com.netcracker.travelplanner.controllers.UserApiController.getUsers()
[INFO ] 2018-02-09 08:46:30.838 [main] RequestMappingHandlerMapping - Mapped "{[/error]}" onto public org.springframework.http.ResponseEntity<java.util.Map<java.lang.String, java.lang.Object>> org.springframework.boot.autoconfigure.web.BasicErrorController.error(javax.servlet.http.HttpServletRequest)
[INFO ] 2018-02-09 08:46:30.838 [main] RequestMappingHandlerMapping - Mapped "{[/error],produces=[text/html]}" onto public org.springframework.web.servlet.ModelAndView org.springframework.boot.autoconfigure.web.BasicErrorController.errorHtml(javax.servlet.http.HttpServletRequest,javax.servlet.http.HttpServletResponse)
[INFO ] 2018-02-09 08:46:30.916 [main] SimpleUrlHandlerMapping - Mapped URL path [/webjars/**] onto handler of type [class org.springframework.web.servlet.resource.ResourceHttpRequestHandler]
[INFO ] 2018-02-09 08:46:30.916 [main] SimpleUrlHandlerMapping - Mapped URL path [/**] onto handler of type [class org.springframework.web.servlet.resource.ResourceHttpRequestHandler]
[INFO ] 2018-02-09 08:46:31.010 [main] SimpleUrlHandlerMapping - Mapped URL path [/**/favicon.ico] onto handler of type [class org.springframework.web.servlet.resource.ResourceHttpRequestHandler]
[INFO ] 2018-02-09 10:25:53.945 [localhost-startStop-1] ContextLoader - Root WebApplicationContext: initialization completed in 4910 ms
[INFO ] 2018-02-09 10:26:08.431 [restartedMain] RequestMappingHandlerAdapter - Looking for @ControllerAdvice: org.springframework.boot.context.embedded.AnnotationConfigEmbeddedWebApplicationContext@d50918f: startup date [Fri Feb 09 10:25:49 MSK 2018]; root of context hierarchy
[INFO ] 2018-02-09 10:26:08.704 [restartedMain] RequestMappingHandlerMapping - Mapped "{[/api/getEdges/bypoint],methods=[GET]}" onto public java.util.List<com.netcracker.travelplanner.entities.Edge> com.netcracker.travelplanner.controllers.EdgeApiController.getEdgesByPoint(java.lang.String,java.lang.String)
[INFO ] 2018-02-09 10:26:08.707 [restartedMain] RequestMappingHandlerMapping - Mapped "{[/api/getEdges/bycost],methods=[GET]}" onto public java.util.List<com.netcracker.travelplanner.entities.Edge> com.netcracker.travelplanner.controllers.EdgeApiController.getEdgesByCost(java.lang.Double)
[INFO ] 2018-02-09 10:26:08.708 [restartedMain] RequestMappingHandlerMapping - Mapped "{[/api/getEdges],methods=[GET]}" onto public java.util.List<com.netcracker.travelplanner.entities.Edge> com.netcracker.travelplanner.controllers.EdgeApiController.getEdges()
[INFO ] 2018-02-09 10:26:08.710 [restartedMain] RequestMappingHandlerMapping - Mapped "{[/api/getEdges/bytwopoints],methods=[GET]}" onto public java.util.List<com.netcracker.travelplanner.entities.Edge> com.netcracker.travelplanner.controllers.EdgeApiController.getEdgesByTwoPoints(java.lang.String,java.lang.String)
[INFO ] 2018-02-09 10:26:08.712 [restartedMain] RequestMappingHandlerMapping - Mapped "{[/api/getEdges/bytransporttype],methods=[GET]}" onto public java.util.List<com.netcracker.travelplanner.entities.Edge> com.netcracker.travelplanner.controllers.EdgeApiController.getEdgesByTransportType(java.lang.String)
[INFO ] 2018-02-09 10:26:08.714 [restartedMain] RequestMappingHandlerMapping - Mapped "{[/api/getEdges/byduration],methods=[GET]}" onto public java.util.List<com.netcracker.travelplanner.entities.Edge> com.netcracker.travelplanner.controllers.EdgeApiController.getEdgesByDuration(java.lang.Double)
[INFO ] 2018-02-09 10:26:08.715 [restartedMain] RequestMappingHandlerMapping - Mapped "{[/api/getEdges/byedgetype],methods=[GET]}" onto public java.util.List<com.netcracker.travelplanner.entities.Edge> com.netcracker.travelplanner.controllers.EdgeApiController.getEdgesByEdgeType(java.lang.Integer)
[INFO ] 2018-02-09 10:26:08.716 [restartedMain] RequestMappingHandlerMapping - Mapped "{[/api/getEdges/bydistance],methods=[GET]}" onto public java.util.List<com.netcracker.travelplanner.entities.Edge> com.netcracker.travelplanner.controllers.EdgeApiController.getEdgesByDistance(java.lang.Double)
[INFO ] 2018-02-09 10:26:08.720 [restartedMain] RequestMappingHandlerMapping - Mapped "{[/],methods=[GET]}" onto public java.lang.String com.netcracker.travelplanner.controllers.MainWebController.home()
[INFO ] 2018-02-09 10:26:08.721 [restartedMain] RequestMappingHandlerMapping - Mapped "{[/signIn],methods=[GET]}" onto public java.lang.String com.netcracker.travelplanner.controllers.MainWebController.signIn()
[INFO ] 2018-02-09 10:26:08.722 [restartedMain] RequestMappingHandlerMapping - Mapped "{[/signUp],methods=[GET]}" onto public java.lang.String com.netcracker.travelplanner.controllers.MainWebController.signUp()
[INFO ] 2018-02-09 10:26:08.732 [restartedMain] RequestMappingHandlerMapping - Mapped "{[/api/getRoutes],methods=[GET]}" onto public java.util.List<com.netcracker.travelplanner.entities.Route> com.netcracker.travelplanner.controllers.RouteApiController.getRoutes()
[INFO ] 2018-02-09 10:26:08.734 [restartedMain] RequestMappingHandlerMapping - Mapped "{[/api/getRoutes/bypoint],methods=[GET]}" onto public java.util.List<com.netcracker.travelplanner.entities.Route> com.netcracker.travelplanner.controllers.RouteApiController.getRoutesByPoint(java.lang.String,java.lang.String)
[INFO ] 2018-02-09 10:26:08.735 [restartedMain] RequestMappingHandlerMapping - Mapped "{[/api/getRoutes/bytype],methods=[GET]}" onto public java.util.List<com.netcracker.travelplanner.entities.Route> com.netcracker.travelplanner.controllers.RouteApiController.getRoutesByType(java.lang.Integer)
[INFO ] 2018-02-09 10:26:08.736 [restartedMain] RequestMappingHandlerMapping - Mapped "{[/api/getRoutes/byuser],methods=[GET]}" onto public java.util.List<com.netcracker.travelplanner.entities.Route> com.netcracker.travelplanner.controllers.RouteApiController.getRoutesByUser(java.lang.Integer)
[INFO ] 2018-02-09 10:26:08.751 [restartedMain] RequestMappingHandlerMapping - Mapped "{[/api/getRoutes/byid],methods=[GET]}" onto public com.netcracker.travelplanner.entities.Route com.netcracker.travelplanner.controllers.RouteApiController.getRouteById(java.lang.Integer)
[INFO ] 2018-02-09 10:26:08.753 [restartedMain] RequestMappingHandlerMapping - Mapped "{[/api/getRoutes/bytwopoints],methods=[GET]}" onto public java.util.List<com.netcracker.travelplanner.entities.Route> com.netcracker.travelplanner.controllers.RouteApiController.getRoutesByTwoPoints(java.lang.String,java.lang.String)
[INFO ] 2018-02-09 10:26:08.758 [restartedMain] RequestMappingHandlerMapping - Mapped "{[/api/getUsers],methods=[GET]}" onto public java.util.List<com.netcracker.travelplanner.entities.User> com.netcracker.travelplanner.controllers.UserApiController.getUsers()
[INFO ] 2018-02-09 10:26:08.759 [restartedMain] RequestMappingHandlerMapping - Mapped "{[/api/getUsers/byid],methods=[GET]}" onto public com.netcracker.travelplanner.entities.User com.netcracker.travelplanner.controllers.UserApiController.getUserById(java.lang.Integer)
[INFO ] 2018-02-09 10:26:08.761 [restartedMain] RequestMappingHandlerMapping - Mapped "{[/api/getUsers/byname],methods=[GET]}" onto public java.util.List<com.netcracker.travelplanner.entities.User> com.netcracker.travelplanner.controllers.UserApiController.getUsersByLastNameIs(java.lang.String,java.lang.String)
[INFO ] 2018-02-09 10:26:08.771 [restartedMain] RequestMappingHandlerMapping - Mapped "{[/error]}" onto public org.springframework.http.ResponseEntity<java.util.Map<java.lang.String, java.lang.Object>> org.springframework.boot.autoconfigure.web.BasicErrorController.error(javax.servlet.http.HttpServletRequest)
[INFO ] 2018-02-09 10:26:08.772 [restartedMain] RequestMappingHandlerMapping - Mapped "{[/error],produces=[text/html]}" onto public org.springframework.web.servlet.ModelAndView org.springframework.boot.autoconfigure.web.BasicErrorController.errorHtml(javax.servlet.http.HttpServletRequest,javax.servlet.http.HttpServletResponse)
[INFO ] 2018-02-09 10:26:09.132 [restartedMain] SimpleUrlHandlerMapping - Mapped URL path [/webjars/**] onto handler of type [class org.springframework.web.servlet.resource.ResourceHttpRequestHandler]
[INFO ] 2018-02-09 10:26:09.132 [restartedMain] SimpleUrlHandlerMapping - Mapped URL path [/**] onto handler of type [class org.springframework.web.servlet.resource.ResourceHttpRequestHandler]
[INFO ] 2018-02-09 10:26:09.323 [restartedMain] SimpleUrlHandlerMapping - Mapped URL path [/**/favicon.ico] onto handler of type [class org.springframework.web.servlet.resource.ResourceHttpRequestHandler]
[INFO ] 2018-02-09 10:26:36.083 [http-nio-8888-exec-1] DispatcherServlet - FrameworkServlet 'dispatcherServlet': initialization started
[INFO ] 2018-02-09 10:26:36.103 [http-nio-8888-exec-1] DispatcherServlet - FrameworkServlet 'dispatcherServlet': initialization completed in 20 ms
